mode: set
github.com/SilverSurge/Gloom/main.go:10.13,64.16 26 0
github.com/SilverSurge/Gloom/main.go:64.16,65.13 1 0
github.com/SilverSurge/Gloom/main.go:69.2,71.16 3 0
github.com/SilverSurge/Gloom/main.go:71.16,72.13 1 0
github.com/SilverSurge/Gloom/main.go:76.2,84.52 6 0
github.com/SilverSurge/Gloom/bloom/bloom-ds.go:18.66,20.2 1 0
github.com/SilverSurge/Gloom/bloom/bloom-ds.go:23.82,31.2 1 1
github.com/SilverSurge/Gloom/bloom/bloom-ds.go:34.27,35.26 1 1
github.com/SilverSurge/Gloom/bloom/bloom-ds.go:35.26,37.3 1 1
github.com/SilverSurge/Gloom/bloom/bloom-ds.go:41.44,42.74 1 1
github.com/SilverSurge/Gloom/bloom/bloom-ds.go:42.74,44.3 1 0
github.com/SilverSurge/Gloom/bloom/bloom-ds.go:45.2,45.27 1 1
github.com/SilverSurge/Gloom/bloom/bloom-ds.go:45.27,47.3 1 1
github.com/SilverSurge/Gloom/bloom/bloom-ds.go:48.2,48.13 1 1
github.com/SilverSurge/Gloom/bloom/bloom-ds.go:52.50,64.47 6 1
github.com/SilverSurge/Gloom/bloom/bloom-ds.go:64.47,67.3 2 1
github.com/SilverSurge/Gloom/bloom/bloom-ds.go:69.2,69.16 1 1
github.com/SilverSurge/Gloom/bloom/bloom-ds.go:73.42,76.16 2 1
github.com/SilverSurge/Gloom/bloom/bloom-ds.go:76.16,78.3 1 0
github.com/SilverSurge/Gloom/bloom/bloom-ds.go:81.2,83.16 3 1
github.com/SilverSurge/Gloom/bloom/bloom-ds.go:83.16,85.3 1 0
github.com/SilverSurge/Gloom/bloom/bloom-ds.go:86.2,87.36 2 1
github.com/SilverSurge/Gloom/bloom/bloom-ds.go:91.42,94.16 3 1
github.com/SilverSurge/Gloom/bloom/bloom-ds.go:94.16,96.3 1 1
github.com/SilverSurge/Gloom/bloom/bloom-ds.go:97.2,98.36 2 1
github.com/SilverSurge/Gloom/bloom/bloom.go:8.63,10.2 1 1
github.com/SilverSurge/Gloom/bloom/bloom.go:13.79,18.2 2 1
github.com/SilverSurge/Gloom/bloom/bloom.go:21.45,25.2 3 0
github.com/SilverSurge/Gloom/bloom/bloom.go:28.32,33.32 2 1
github.com/SilverSurge/Gloom/bloom/bloom.go:33.32,37.3 3 1
github.com/SilverSurge/Gloom/bloom/bloom.go:41.39,46.32 2 1
github.com/SilverSurge/Gloom/bloom/bloom.go:46.32,50.45 3 1
github.com/SilverSurge/Gloom/bloom/bloom.go:50.45,52.4 1 1
github.com/SilverSurge/Gloom/bloom/bloom.go:55.2,55.13 1 1
github.com/SilverSurge/Gloom/bloom/bloom.go:59.25,61.2 1 1
github.com/SilverSurge/Gloom/bloom/bloom.go:64.42,66.2 1 0
github.com/SilverSurge/Gloom/bloom/bloom_atomic.go:10.75,12.2 1 1
github.com/SilverSurge/Gloom/bloom/bloom_atomic.go:15.91,20.2 2 1
github.com/SilverSurge/Gloom/bloom/bloom_atomic.go:23.57,27.2 3 0
github.com/SilverSurge/Gloom/bloom/bloom_atomic.go:30.38,35.32 2 1
github.com/SilverSurge/Gloom/bloom/bloom_atomic.go:35.32,40.7 4 1
github.com/SilverSurge/Gloom/bloom/bloom_atomic.go:40.7,42.21 2 1
github.com/SilverSurge/Gloom/bloom/bloom_atomic.go:42.21,43.10 1 1
github.com/SilverSurge/Gloom/bloom/bloom_atomic.go:45.4,45.71 1 1
github.com/SilverSurge/Gloom/bloom/bloom_atomic.go:45.71,46.10 1 1
github.com/SilverSurge/Gloom/bloom/bloom_atomic.go:53.45,58.32 2 1
github.com/SilverSurge/Gloom/bloom/bloom_atomic.go:58.32,64.18 5 1
github.com/SilverSurge/Gloom/bloom/bloom_atomic.go:64.18,66.4 1 1
github.com/SilverSurge/Gloom/bloom/bloom_atomic.go:69.2,69.13 1 1
github.com/SilverSurge/Gloom/bloom/bloom_atomic.go:73.31,75.2 1 1
github.com/SilverSurge/Gloom/bloom/bloom_atomic.go:78.48,80.2 1 0
github.com/SilverSurge/Gloom/bloom/bloom_rw.go:11.67,13.2 1 1
github.com/SilverSurge/Gloom/bloom/bloom_rw.go:16.83,21.2 2 1
github.com/SilverSurge/Gloom/bloom/bloom_rw.go:24.49,28.2 3 0
github.com/SilverSurge/Gloom/bloom/bloom_rw.go:31.34,40.32 4 1
github.com/SilverSurge/Gloom/bloom/bloom_rw.go:40.32,44.3 3 1
github.com/SilverSurge/Gloom/bloom/bloom_rw.go:48.41,57.32 4 1
github.com/SilverSurge/Gloom/bloom/bloom_rw.go:57.32,61.45 3 1
github.com/SilverSurge/Gloom/bloom/bloom_rw.go:61.45,63.4 1 1
github.com/SilverSurge/Gloom/bloom/bloom_rw.go:66.2,66.13 1 1
github.com/SilverSurge/Gloom/bloom/bloom_rw.go:70.27,72.2 1 1
github.com/SilverSurge/Gloom/bloom/bloom_rw.go:75.44,77.2 1 0
github.com/SilverSurge/Gloom/bloom/bloom_shard.go:20.83,22.2 1 1
github.com/SilverSurge/Gloom/bloom/bloom_shard.go:25.99,39.2 4 1
github.com/SilverSurge/Gloom/bloom/bloom_shard.go:42.71,46.2 3 0
github.com/SilverSurge/Gloom/bloom/bloom_shard.go:49.37,54.32 2 1
github.com/SilverSurge/Gloom/bloom/bloom_shard.go:54.32,62.3 6 1
github.com/SilverSurge/Gloom/bloom/bloom_shard.go:66.44,71.32 2 1
github.com/SilverSurge/Gloom/bloom/bloom_shard.go:71.32,80.15 7 1
github.com/SilverSurge/Gloom/bloom/bloom_shard.go:80.15,82.4 1 1
github.com/SilverSurge/Gloom/bloom/bloom_shard.go:85.2,85.13 1 1
github.com/SilverSurge/Gloom/bloom/bloom_shard.go:89.52,95.28 1 1
github.com/SilverSurge/Gloom/bloom/bloom_shard.go:95.28,97.3 1 0
github.com/SilverSurge/Gloom/bloom/bloom_shard.go:98.2,98.54 1 1
github.com/SilverSurge/Gloom/bloom/bloom_shard.go:102.30,104.2 1 1
github.com/SilverSurge/Gloom/bloom/bloom_shard.go:107.47,109.2 1 0
github.com/SilverSurge/Gloom/bloom/utils.go:20.44,23.2 1 1
github.com/SilverSurge/Gloom/bloom/utils.go:26.32,27.27 1 1
github.com/SilverSurge/Gloom/bloom/utils.go:28.11,29.24 1 1
github.com/SilverSurge/Gloom/bloom/utils.go:31.14,32.11 1 1
github.com/SilverSurge/Gloom/bloom/utils.go:34.14,35.19 1 1
github.com/SilverSurge/Gloom/bloom/utils.go:37.38,40.13 3 1
github.com/SilverSurge/Gloom/bloom/utils.go:42.43,45.13 3 1
github.com/SilverSurge/Gloom/bloom/utils.go:47.15,50.21 3 0
github.com/SilverSurge/Gloom/bloom/utils.go:52.15,55.21 3 1
github.com/SilverSurge/Gloom/bloom/utils.go:57.20,58.28 1 0
github.com/SilverSurge/Gloom/bloom/utils.go:60.10,63.17 2 1
github.com/SilverSurge/Gloom/bloom/utils.go:63.17,66.4 1 0
github.com/SilverSurge/Gloom/bloom/utils.go:67.3,67.14 1 1
github.com/SilverSurge/Gloom/bloom/utils.go:72.80,80.2 5 1
github.com/SilverSurge/Gloom/bloom/utils.go:83.75,85.32 1 1
github.com/SilverSurge/Gloom/bloom/utils.go:85.32,88.3 2 0
github.com/SilverSurge/Gloom/bloom/utils.go:90.2,93.23 3 1
